<?xml version="1.0" encoding="UTF-8"?>
<!-- Generated by org.testng.reporters.JUnitReportReporter -->
<testsuite hostname="Priyanka" failures="0" tests="3" name="demoprojectpractice.Practice" time="0.012" errors="0" timestamp="2023-05-26T18:39:01 IST" skipped="0">
  <testcase classname="demoprojectpractice.Practice" name="create" time="0.010"/>
  <system-out/>
  <testcase classname="demoprojectpractice.Practice" name="insert" time="0.001"/>
  <system-out/>
  <testcase classname="demoprojectpractice.Practice" name="delete" time="0.001"/>
  <system-out/>
</testsuite> <!-- demoprojectpractice.Practice -->
