<?xml version="1.0" encoding="UTF-8"?>
<!-- Generated by org.testng.reporters.JUnitReportReporter -->
<testsuite hostname="Priyanka" failures="0" tests="3" name="demoprojectpractice.Practice" time="0.009" errors="0" timestamp="2023-05-27T00:14:22 IST" skipped="0">
  <testcase classname="demoprojectpractice.Practice" name="create" time="0.007"/>
  <system-out/>
  <testcase classname="demoprojectpractice.Practice" name="insert" time="0.001"/>
  <system-out/>
  <testcase classname="demoprojectpractice.Practice" name="delete" time="0.001"/>
  <system-out/>
</testsuite> <!-- demoprojectpractice.Practice -->
